<?xml version="1.0" encoding="UTF-8"?>
<testng-results total="1" passed="1" failed="0" skipped="0">
  <reporter-output>
  </reporter-output>
  <suite started-at="2019-12-24T14:42:09Z" name="VRMaker Automation Test" finished-at="2019-12-24T14:44:25Z" duration-ms="135987">
    <groups>
    </groups>
    <test started-at="2019-12-24T14:42:09Z" name="regression test" finished-at="2019-12-24T14:44:25Z" duration-ms="135987">
      <class name="cases.ImportPhotosFromGalleryTest">
        <test-method is-config="true" signature="setup(java.lang.String, java.lang.String)[pri:0, instance:cases.ImportPhotosFromGalleryTest@4d5650ae]" started-at="2019-12-24T22:42:09Z" name="setup" finished-at="2019-12-24T22:42:28Z" duration-ms="18481" status="PASS">
          <params>
            <param index="0">
              <value>
                <![CDATA[joy@staging.com.tw]]>
              </value>
            </param>
            <param index="1">
              <value>
                <![CDATA[000000]]>
              </value>
            </param>
          </params>
          <reporter-output>
          </reporter-output>
        </test-method> <!-- setup -->
        <test-method signature="runTest()[pri:0, instance:cases.ImportPhotosFromGalleryTest@4d5650ae]" started-at="2019-12-24T22:42:28Z" name="runTest" finished-at="2019-12-24T22:44:24Z" duration-ms="116527" status="PASS">
          <reporter-output>
          </reporter-output>
        </test-method> <!-- runTest -->
        <test-method is-config="true" signature="tearDown(org.testng.ITestResult)[pri:0, instance:cases.ImportPhotosFromGalleryTest@4d5650ae]" started-at="2019-12-24T22:44:24Z" name="tearDown" finished-at="2019-12-24T22:44:25Z" duration-ms="968" status="PASS">
          <params>
            <param index="0">
              <value>
                <![CDATA[[TestResult name=runTest status=SUCCESS method=ImportPhotosFromGalleryTest.runTest()[pri:0, instance:cases.ImportPhotosFromGalleryTest@4d5650ae] output={null}]]]>
              </value>
            </param>
          </params>
          <reporter-output>
          </reporter-output>
        </test-method> <!-- tearDown -->
      </class> <!-- cases.ImportPhotosFromGalleryTest -->
    </test> <!-- regression test -->
  </suite> <!-- VRMaker Automation Test -->
</testng-results>
