<?xml version="1.0" encoding="UTF-8"?>
<testng-results total="1" passed="1" failed="0" skipped="0">
  <reporter-output>
  </reporter-output>
  <suite started-at="2019-12-25T07:21:06Z" name="VRMaker Automation Test" finished-at="2019-12-25T07:24:13Z" duration-ms="187146">
    <groups>
    </groups>
    <test started-at="2019-12-25T07:21:06Z" name="regression test" finished-at="2019-12-25T07:24:13Z" duration-ms="187146">
      <class name="cases.ImportPhotosFromGalleryTest">
        <test-method is-config="true" signature="setup(java.lang.String, java.lang.String)[pri:0, instance:cases.ImportPhotosFromGalleryTest@4d5650ae]" started-at="2019-12-25T15:21:06Z" name="setup" finished-at="2019-12-25T15:21:26Z" duration-ms="19616" status="PASS">
          <params>
            <param index="0">
              <value>
                <![CDATA[joy@staging.com.tw]]>
              </value>
            </param>
            <param index="1">
              <value>
                <![CDATA[000000]]>
              </value>
            </param>
          </params>
          <reporter-output>
          </reporter-output>
        </test-method> <!-- setup -->
        <test-method signature="runTest()[pri:0, instance:cases.ImportPhotosFromGalleryTest@4d5650ae]" started-at="2019-12-25T15:21:26Z" name="runTest" finished-at="2019-12-25T15:24:13Z" duration-ms="166712" status="PASS">
          <reporter-output>
          </reporter-output>
        </test-method> <!-- runTest -->
        <test-method is-config="true" signature="tearDown(org.testng.ITestResult)[pri:0, instance:cases.ImportPhotosFromGalleryTest@4d5650ae]" started-at="2019-12-25T15:24:13Z" name="tearDown" finished-at="2019-12-25T15:24:13Z" duration-ms="805" status="PASS">
          <params>
            <param index="0">
              <value>
                <![CDATA[[TestResult name=runTest status=SUCCESS method=ImportPhotosFromGalleryTest.runTest()[pri:0, instance:cases.ImportPhotosFromGalleryTest@4d5650ae] output={null}]]]>
              </value>
            </param>
          </params>
          <reporter-output>
          </reporter-output>
        </test-method> <!-- tearDown -->
      </class> <!-- cases.ImportPhotosFromGalleryTest -->
    </test> <!-- regression test -->
  </suite> <!-- VRMaker Automation Test -->
</testng-results>
